#
# A fatal error has been detected by the Java Runtime Environment:
#
#  EXCEPTION_ACCESS_VIOLATION (0xc0000005) at pc=0x00007ff8a10f08b3, pid=12216, tid=9188
#
# JRE version: Java(TM) SE Runtime Environment (13.0.1+9) (build 13.0.1+9)
# Java VM: Java HotSpot(TM) 64-Bit Server VM (13.0.1+9, mixed mode, sharing, tiered, compressed oops, g1 gc, windows-amd64)
# Problematic frame:
# V  [jvm.dll+0x3308b3]
#
# No core dump will be written. Minidumps are not enabled by default on client versions of Windows
#
# If you would like to submit a bug report, please visit:
#   http://bugreport.java.com/bugreport/crash.jsp
#

---------------  S U M M A R Y ------------

Command Line: -agentlib:jdwp=transport=dt_socket,suspend=y,address=localhost:64234 -javaagent:D:\Software\java-2019-09\eclipse\configuration\org.eclipse.osgi\229\0\.cp\lib\javaagent-shaded.jar -Dfile.encoding=Cp1252 magic_square.Solution

Host: Intel(R) Core(TM) i5-7300HQ CPU @ 2.50GHz, 4 cores, 7G,  Windows 10 , 64 bit Build 18362 (10.0.18362.329)
Time: Fri Mar 20 02:00:22 2020 SE Asia Standard Time elapsed time: 164 seconds (0d 0h 2m 44s)

---------------  T H R E A D  ---------------

Current thread (0x0000025da3980800):  JavaThread "JDWP Transport Listener: dt_socket" daemon [_thread_in_vm, id=9188, stack(0x0000008145a00000,0x0000008145b00000)] _threads_hazard_ptr=0x0000025da3a6e820

Stack: [0x0000008145a00000,0x0000008145b00000],  sp=0x0000008145afef10,  free space=1019k
Native frames: (J=compiled Java code, j=interpreted, Vv=VM code, C=native code)
V  [jvm.dll+0x3308b3]
V  [jvm.dll+0x334777]
V  [jvm.dll+0x334c7c]
V  [jvm.dll+0x330b82]
V  [jvm.dll+0x6160a5]
V  [jvm.dll+0x615e2d]
V  [jvm.dll+0x5df993]
V  [jvm.dll+0x76a37f]
V  [jvm.dll+0x4f8226]
V  [jvm.dll+0x77963d]
V  [jvm.dll+0x4de2fe]
V  [jvm.dll+0x4a2b10]
C  [jdwp.dll+0x7bbc]


siginfo: EXCEPTION_ACCESS_VIOLATION (0xc0000005), reading address 0xffffffffffffffff


Register to memory mapping:

RIP=0x00007ff8a10f08b3 jvm.dll
RAX=0x0000025da3a00150 points into unknown readable memory: 01 20 14 62 00 40 00 00
RBX=0x0000008145aff0e0 is pointing into the stack for thread: 0x0000025da3980800
RCX=0x0000008145aff150 is pointing into the stack for thread: 0x0000025da3980800
RDX=0xffffffffffffcb41 is an unknown value
RSP=0x0000008145afef10 is pointing into the stack for thread: 0x0000025da3980800
RBP=0x00007ff8a10f0890 jvm.dll
RSI=0x0 is NULL
RDI=0x00000000000000a1 is an unknown value
R8 =0x03ffffffffffff2d is an unknown value
R9 =0x0000000000000001 is an unknown value
R10=0x0000000800ba55c8 is a pointer to class: 
magic_square.Solution {0x0000000800ba55d0}
R11={method} {0x0000025da32d4c10} 'solution' '([[I)I' in 'magic_square/Solution'
R12=0x0000000000000001 is an unknown value
R13=0x00007ff8a0dc0000 jvm.dll
R14=0x0000025da32d4b1e is pointing into metadata
R15=0x000000000000009e is an unknown value


Registers:
RAX=0x0000025da3a00150, RBX=0x0000008145aff0e0, RCX=0x0000008145aff150, RDX=0xffffffffffffcb41
RSP=0x0000008145afef10, RBP=0x00007ff8a10f0890, RSI=0x0000000000000000, RDI=0x00000000000000a1
R8 =0x03ffffffffffff2d, R9 =0x0000000000000001, R10=0x0000000800ba55c8, R11=0x0000025da32d4c08
R12=0x0000000000000001, R13=0x00007ff8a0dc0000, R14=0x0000025da32d4b1e, R15=0x000000000000009e
RIP=0x00007ff8a10f08b3, EFLAGS=0x0000000000010a06

Top of Stack: (sp=0x0000008145afef10)
0x0000008145afef10:   0000008100000002 6666666666666667
0x0000008145afef20:   0000000000000000 00007ff8a1105daa
0x0000008145afef30:   0000008145aff0e0 00007ff8a10f4777
0x0000008145afef40:   0000008145aff0e0 0000025da3980800
0x0000008145afef50:   0000008145afefb0 00007ff8a0ee566e
0x0000008145afef60:   0000025da32d4c08 0000008145aff150
0x0000008145afef70:   0000025da3a06e18 0000025da32d4b1e
0x0000008145afef80:   00000000000000a1 00007ff8a10f4c7c
0x0000008145afef90:   0000008145aff0e0 000000000000009e
0x0000008145afefa0:   00000000000000a1 0000025d827d0cc0
0x0000008145afefb0:   0000025da32d4c08 0000025da3980800
0x0000008145afefc0:   000000a10000009e 000000a1000000b6
0x0000008145afefd0:   000000b600000000 ffffffff000000a1
0x0000008145afefe0:   0000025da3a06e18 0000000000000000
0x0000008145afeff0:   0000000000000000 00000000000083b0
0x0000008145aff000:   0000025da3a00100 00007ff8a10f0b82 

Instructions: (pc=0x00007ff8a10f08b3)
0x00007ff8a10f07b3:   84 b4 00 00 00 48 8b 5b 10 48 85 db 75 ef 33 d2
0x00007ff8a10f07c3:   8d 4a 18 e8 a5 5a 35 00 48 8b d8 48 85 c0 0f 84
0x00007ff8a10f07d3:   8e 00 00 00 33 d2 48 89 6c 24 48 49 8b 2e 48 89
0x00007ff8a10f07e3:   74 24 50 89 38 8d 4a 20 e8 80 5a 35 00 33 ff 48
0x00007ff8a10f07f3:   8b f0 48 85 c0 74 54 8b 0d 48 c9 6c 00 8d 57 08
0x00007ff8a10f0803:   89 48 04 48 8b c8 89 38 c7 40 10 08 00 00 00 48
0x00007ff8a10f0813:   89 78 08 e8 25 4f 01 00 48 89 46 18 39 7e 04 7e
0x00007ff8a10f0823:   2d 0f 1f 40 00 0f 1f 84 00 00 00 00 00 48 8b 46
0x00007ff8a10f0833:   18 48 63 cf 48 8d 14 c8 48 85 d2 74 05 33 c0 48
0x00007ff8a10f0843:   89 02 ff c7 3b 7e 04 7c e4 eb 03 48 8b f7 48 89
0x00007ff8a10f0853:   73 08 48 8b 74 24 50 48 89 6b 10 48 8b 6c 24 48
0x00007ff8a10f0863:   eb 04 33 ff 8b df 49 89 1e 48 8b 4b 08 48 8d 54
0x00007ff8a10f0873:   24 40 4c 89 7c 24 40 e8 b1 e2 d9 ff 48 8b 5c 24
0x00007ff8a10f0883:   58 48 83 c4 20 41 5f 41 5e 5f c3 cc cc 40 53 48
0x00007ff8a10f0893:   83 ec 20 48 63 d2 48 8b d9 0f b6 c2 48 83 c1 70
0x00007ff8a10f08a3:   24 3f 4c 8b c2 44 0f b6 c8 49 c1 e8 06 48 8b 01
0x00007ff8a10f08b3:   4e 8b 04 c0 4d 0f a3 c8 72 0b 41 b0 01 e8 eb 3b
0x00007ff8a10f08c3:   de ff ff 43 6c 48 83 c4 20 5b c3 cc cc 8b c2 4c
0x00007ff8a10f08d3:   8b d1 41 33 c0 a9 00 00 00 f0 0f 84 ca 00 00 00
0x00007ff8a10f08e3:   44 8b ca 8b c2 41 c1 e9 1d b9 72 00 00 00 41 80
0x00007ff8a10f08f3:   e1 01 c1 e8 1e 44 8d 59 ae a8 01 74 1a 45 84 c9
0x00007ff8a10f0903:   75 0d c1 ea 1c f6 c2 01 75 05 44 8b c9 eb 35 41
0x00007ff8a10f0913:   b9 23 00 00 00 eb 2d 45 84 c9 74 08 41 b9 76 00
0x00007ff8a10f0923:   00 00 eb 20 8b c2 c1 e8 1c a8 01 74 08 41 b9 70
0x00007ff8a10f0933:   00 00 00 eb 0f c1 ea 1f 41 b9 40 00 00 00 84 d2
0x00007ff8a10f0943:   45 0f 45 cb 41 8b d0 41 8b c0 c1 ea 1d 80 e2 01
0x00007ff8a10f0953:   c1 e8 1e a8 01 74 15 84 d2 75 0a 41 c1 e8 1c 41
0x00007ff8a10f0963:   f6 c0 01 74 33 b9 23 00 00 00 eb 2c 84 d2 74 07
0x00007ff8a10f0973:   b9 76 00 00 00 eb 21 41 8b c0 c1 e8 1c a8 01 74
0x00007ff8a10f0983:   07 b9 70 00 00 00 eb 10 41 c1 e8 1f b9 40 00 00
0x00007ff8a10f0993:   00 45 84 c0 41 0f 45 cb 44 8b c1 48 8d 15 f3 3c
0x00007ff8a10f09a3:   55 00 49 8b ca e9 23 5c 00 00 c3 cc cc 48 89 5c 


Stack slot to memory mapping:
stack at sp + 0 slots: 0x0000008100000002 is an unknown value
stack at sp + 1 slots: 0x6666666666666667 is an unknown value
stack at sp + 2 slots: 0x0 is NULL
stack at sp + 3 slots: 0x00007ff8a1105daa jvm.dll
stack at sp + 4 slots: 0x0000008145aff0e0 is pointing into the stack for thread: 0x0000025da3980800
stack at sp + 5 slots: 0x00007ff8a10f4777 jvm.dll
stack at sp + 6 slots: 0x0000008145aff0e0 is pointing into the stack for thread: 0x0000025da3980800
stack at sp + 7 slots: 0x0000025da3980800 is a thread


---------------  P R O C E S S  ---------------

Threads class SMR info:
_java_thread_list=0x0000025da3a6e820, length=13, elements={
0x0000025d8496c800, 0x0000025da2e5b000, 0x0000025da2e5e000, 0x0000025da2e79800,
0x0000025da2e7c800, 0x0000025da2e7d800, 0x0000025da2e8d800, 0x0000025da2e96800,
0x0000025da3853800, 0x0000025da3980800, 0x0000025da3a21000, 0x0000025da3a22000,
0x0000025da3a4d800
}

Java Threads: ( => current thread )
  0x0000025d8496c800 JavaThread "main" [_thread_blocked, id=11012, stack(0x0000008144b00000,0x0000008144c00000)]
  0x0000025da2e5b000 JavaThread "Reference Handler" daemon [_thread_blocked, id=13368, stack(0x0000008145200000,0x0000008145300000)]
  0x0000025da2e5e000 JavaThread "Finalizer" daemon [_thread_blocked, id=10088, stack(0x0000008145300000,0x0000008145400000)]
  0x0000025da2e79800 JavaThread "Signal Dispatcher" daemon [_thread_blocked, id=2920, stack(0x0000008145400000,0x0000008145500000)]
  0x0000025da2e7c800 JavaThread "Attach Listener" daemon [_thread_blocked, id=1096, stack(0x0000008145500000,0x0000008145600000)]
  0x0000025da2e7d800 JavaThread "C2 CompilerThread0" daemon [_thread_blocked, id=9876, stack(0x0000008145600000,0x0000008145700000)]
  0x0000025da2e8d800 JavaThread "C1 CompilerThread0" daemon [_thread_blocked, id=6820, stack(0x0000008145700000,0x0000008145800000)]
  0x0000025da2e96800 JavaThread "Sweeper thread" daemon [_thread_blocked, id=4632, stack(0x0000008145800000,0x0000008145900000)]
  0x0000025da3853800 JavaThread "Common-Cleaner" daemon [_thread_blocked, id=4944, stack(0x0000008145900000,0x0000008145a00000)]
=>0x0000025da3980800 JavaThread "JDWP Transport Listener: dt_socket" daemon [_thread_in_vm, id=9188, stack(0x0000008145a00000,0x0000008145b00000)]
  0x0000025da3a21000 JavaThread "JDWP Event Helper Thread" daemon [_thread_blocked, id=1456, stack(0x0000008145b00000,0x0000008145c00000)]
  0x0000025da3a22000 JavaThread "JDWP Command Reader" daemon [_thread_in_native, id=13928, stack(0x0000008145c00000,0x0000008145d00000)]
  0x0000025da3a4d800 JavaThread "Service Thread" daemon [_thread_blocked, id=228, stack(0x0000008145e00000,0x0000008145f00000)]

Other Threads:
  0x0000025da2e57800 VMThread "VM Thread" [stack: 0x0000008145100000,0x0000008145200000] [id=6512]
  0x0000025da3a51800 WatcherThread [stack: 0x0000008145f00000,0x0000008146000000] [id=14260]
  0x0000025d849b0800 GCTaskThread "GC Thread#0" [stack: 0x0000008144c00000,0x0000008144d00000] [id=2384]
  0x0000025d849c2000 ConcurrentGCThread "G1 Main Marker" [stack: 0x0000008144d00000,0x0000008144e00000] [id=8352]
  0x0000025d849c4800 ConcurrentGCThread "G1 Conc#0" [stack: 0x0000008144e00000,0x0000008144f00000] [id=10116]
  0x0000025da2cd8800 ConcurrentGCThread "G1 Refine#0" [stack: 0x0000008144f00000,0x0000008145000000] [id=9764]
  0x0000025da2cdb000 ConcurrentGCThread "G1 Young RemSet Sampling" [stack: 0x0000008145000000,0x0000008145100000] [id=1300]

Threads with active compile tasks:

VM state:not at safepoint (normal execution)

VM Mutex/Monitor currently owned by a thread: None

Heap address: 0x0000000081c00000, size: 2020 MB, Compressed Oops mode: 32-bit
Narrow klass base: 0x0000000800000000, Narrow klass shift: 3
Compressed class space size: 1073741824 Address: 0x0000000800b40000

Heap:
 garbage-first heap   total 131072K, used 3072K [0x0000000081c00000, 0x0000000100000000)
  region size 1024K, 4 young (4096K), 0 survivors (0K)
 Metaspace       used 2566K, capacity 4671K, committed 4864K, reserved 1056768K
  class space    used 250K, capacity 428K, committed 512K, reserved 1048576K
Heap Regions: E=young(eden), S=young(survivor), O=old, HS=humongous(starts), HC=humongous(continues), CS=collection set, F=free, A=archive, TAMS=top-at-mark-start (previous, next)
|   0|0x0000000081c00000, 0x0000000081c00000, 0x0000000081d00000|  0%| F|  |TAMS 0x0000000081c00000, 0x0000000081c00000| Untracked 
|   1|0x0000000081d00000, 0x0000000081d00000, 0x0000000081e00000|  0%| F|  |TAMS 0x0000000081d00000, 0x0000000081d00000| Untracked 
|   2|0x0000000081e00000, 0x0000000081e00000, 0x0000000081f00000|  0%| F|  |TAMS 0x0000000081e00000, 0x0000000081e00000| Untracked 
|   3|0x0000000081f00000, 0x0000000081f00000, 0x0000000082000000|  0%| F|  |TAMS 0x0000000081f00000, 0x0000000081f00000| Untracked 
|   4|0x0000000082000000, 0x0000000082000000, 0x0000000082100000|  0%| F|  |TAMS 0x0000000082000000, 0x0000000082000000| Untracked 
|   5|0x0000000082100000, 0x0000000082100000, 0x0000000082200000|  0%| F|  |TAMS 0x0000000082100000, 0x0000000082100000| Untracked 
|   6|0x0000000082200000, 0x0000000082200000, 0x0000000082300000|  0%| F|  |TAMS 0x0000000082200000, 0x0000000082200000| Untracked 
|   7|0x0000000082300000, 0x0000000082300000, 0x0000000082400000|  0%| F|  |TAMS 0x0000000082300000, 0x0000000082300000| Untracked 
|   8|0x0000000082400000, 0x0000000082400000, 0x0000000082500000|  0%| F|  |TAMS 0x0000000082400000, 0x0000000082400000| Untracked 
|   9|0x0000000082500000, 0x0000000082500000, 0x0000000082600000|  0%| F|  |TAMS 0x0000000082500000, 0x0000000082500000| Untracked 
|  10|0x0000000082600000, 0x0000000082600000, 0x0000000082700000|  0%| F|  |TAMS 0x0000000082600000, 0x0000000082600000| Untracked 
|  11|0x0000000082700000, 0x0000000082700000, 0x0000000082800000|  0%| F|  |TAMS 0x0000000082700000, 0x0000000082700000| Untracked 
|  12|0x0000000082800000, 0x0000000082800000, 0x0000000082900000|  0%| F|  |TAMS 0x0000000082800000, 0x0000000082800000| Untracked 
|  13|0x0000000082900000, 0x0000000082900000, 0x0000000082a00000|  0%| F|  |TAMS 0x0000000082900000, 0x0000000082900000| Untracked 
|  14|0x0000000082a00000, 0x0000000082a00000, 0x0000000082b00000|  0%| F|  |TAMS 0x0000000082a00000, 0x0000000082a00000| Untracked 
|  15|0x0000000082b00000, 0x0000000082b00000, 0x0000000082c00000|  0%| F|  |TAMS 0x0000000082b00000, 0x0000000082b00000| Untracked 
|  16|0x0000000082c00000, 0x0000000082c00000, 0x0000000082d00000|  0%| F|  |TAMS 0x0000000082c00000, 0x0000000082c00000| Untracked 
|  17|0x0000000082d00000, 0x0000000082d00000, 0x0000000082e00000|  0%| F|  |TAMS 0x0000000082d00000, 0x0000000082d00000| Untracked 
|  18|0x0000000082e00000, 0x0000000082e00000, 0x0000000082f00000|  0%| F|  |TAMS 0x0000000082e00000, 0x0000000082e00000| Untracked 
|  19|0x0000000082f00000, 0x0000000082f00000, 0x0000000083000000|  0%| F|  |TAMS 0x0000000082f00000, 0x0000000082f00000| Untracked 
|  20|0x0000000083000000, 0x0000000083000000, 0x0000000083100000|  0%| F|  |TAMS 0x0000000083000000, 0x0000000083000000| Untracked 
|  21|0x0000000083100000, 0x0000000083100000, 0x0000000083200000|  0%| F|  |TAMS 0x0000000083100000, 0x0000000083100000| Untracked 
|  22|0x0000000083200000, 0x0000000083200000, 0x0000000083300000|  0%| F|  |TAMS 0x0000000083200000, 0x0000000083200000| Untracked 
|  23|0x0000000083300000, 0x0000000083300000, 0x0000000083400000|  0%| F|  |TAMS 0x0000000083300000, 0x0000000083300000| Untracked 
|  24|0x0000000083400000, 0x0000000083400000, 0x0000000083500000|  0%| F|  |TAMS 0x0000000083400000, 0x0000000083400000| Untracked 
|  25|0x0000000083500000, 0x0000000083500000, 0x0000000083600000|  0%| F|  |TAMS 0x0000000083500000, 0x0000000083500000| Untracked 
|  26|0x0000000083600000, 0x0000000083600000, 0x0000000083700000|  0%| F|  |TAMS 0x0000000083600000, 0x0000000083600000| Untracked 
|  27|0x0000000083700000, 0x0000000083700000, 0x0000000083800000|  0%| F|  |TAMS 0x0000000083700000, 0x0000000083700000| Untracked 
|  28|0x0000000083800000, 0x0000000083800000, 0x0000000083900000|  0%| F|  |TAMS 0x0000000083800000, 0x0000000083800000| Untracked 
|  29|0x0000000083900000, 0x0000000083900000, 0x0000000083a00000|  0%| F|  |TAMS 0x0000000083900000, 0x0000000083900000| Untracked 
|  30|0x0000000083a00000, 0x0000000083a00000, 0x0000000083b00000|  0%| F|  |TAMS 0x0000000083a00000, 0x0000000083a00000| Untracked 
|  31|0x0000000083b00000, 0x0000000083b00000, 0x0000000083c00000|  0%| F|  |TAMS 0x0000000083b00000, 0x0000000083b00000| Untracked 
|  32|0x0000000083c00000, 0x0000000083c00000, 0x0000000083d00000|  0%| F|  |TAMS 0x0000000083c00000, 0x0000000083c00000| Untracked 
|  33|0x0000000083d00000, 0x0000000083d00000, 0x0000000083e00000|  0%| F|  |TAMS 0x0000000083d00000, 0x0000000083d00000| Untracked 
|  34|0x0000000083e00000, 0x0000000083e00000, 0x0000000083f00000|  0%| F|  |TAMS 0x0000000083e00000, 0x0000000083e00000| Untracked 
|  35|0x0000000083f00000, 0x0000000083f00000, 0x0000000084000000|  0%| F|  |TAMS 0x0000000083f00000, 0x0000000083f00000| Untracked 
|  36|0x0000000084000000, 0x0000000084000000, 0x0000000084100000|  0%| F|  |TAMS 0x0000000084000000, 0x0000000084000000| Untracked 
|  37|0x0000000084100000, 0x0000000084100000, 0x0000000084200000|  0%| F|  |TAMS 0x0000000084100000, 0x0000000084100000| Untracked 
|  38|0x0000000084200000, 0x0000000084200000, 0x0000000084300000|  0%| F|  |TAMS 0x0000000084200000, 0x0000000084200000| Untracked 
|  39|0x0000000084300000, 0x0000000084300000, 0x0000000084400000|  0%| F|  |TAMS 0x0000000084300000, 0x0000000084300000| Untracked 
|  40|0x0000000084400000, 0x0000000084400000, 0x0000000084500000|  0%| F|  |TAMS 0x0000000084400000, 0x0000000084400000| Untracked 
|  41|0x0000000084500000, 0x0000000084500000, 0x0000000084600000|  0%| F|  |TAMS 0x0000000084500000, 0x0000000084500000| Untracked 
|  42|0x0000000084600000, 0x0000000084600000, 0x0000000084700000|  0%| F|  |TAMS 0x0000000084600000, 0x0000000084600000| Untracked 
|  43|0x0000000084700000, 0x0000000084700000, 0x0000000084800000|  0%| F|  |TAMS 0x0000000084700000, 0x0000000084700000| Untracked 
|  44|0x0000000084800000, 0x0000000084800000, 0x0000000084900000|  0%| F|  |TAMS 0x0000000084800000, 0x0000000084800000| Untracked 
|  45|0x0000000084900000, 0x0000000084900000, 0x0000000084a00000|  0%| F|  |TAMS 0x0000000084900000, 0x0000000084900000| Untracked 
|  46|0x0000000084a00000, 0x0000000084a00000, 0x0000000084b00000|  0%| F|  |TAMS 0x0000000084a00000, 0x0000000084a00000| Untracked 
|  47|0x0000000084b00000, 0x0000000084b00000, 0x0000000084c00000|  0%| F|  |TAMS 0x0000000084b00000, 0x0000000084b00000| Untracked 
|  48|0x0000000084c00000, 0x0000000084c00000, 0x0000000084d00000|  0%| F|  |TAMS 0x0000000084c00000, 0x0000000084c00000| Untracked 
|  49|0x0000000084d00000, 0x0000000084d00000, 0x0000000084e00000|  0%| F|  |TAMS 0x0000000084d00000, 0x0000000084d00000| Untracked 
|  50|0x0000000084e00000, 0x0000000084e00000, 0x0000000084f00000|  0%| F|  |TAMS 0x0000000084e00000, 0x0000000084e00000| Untracked 
|  51|0x0000000084f00000, 0x0000000084f00000, 0x0000000085000000|  0%| F|  |TAMS 0x0000000084f00000, 0x0000000084f00000| Untracked 
|  52|0x0000000085000000, 0x0000000085000000, 0x0000000085100000|  0%| F|  |TAMS 0x0000000085000000, 0x0000000085000000| Untracked 
|  53|0x0000000085100000, 0x0000000085100000, 0x0000000085200000|  0%| F|  |TAMS 0x0000000085100000, 0x0000000085100000| Untracked 
|  54|0x0000000085200000, 0x0000000085200000, 0x0000000085300000|  0%| F|  |TAMS 0x0000000085200000, 0x0000000085200000| Untracked 
|  55|0x0000000085300000, 0x0000000085300000, 0x0000000085400000|  0%| F|  |TAMS 0x0000000085300000, 0x0000000085300000| Untracked 
|  56|0x0000000085400000, 0x0000000085400000, 0x0000000085500000|  0%| F|  |TAMS 0x0000000085400000, 0x0000000085400000| Untracked 
|  57|0x0000000085500000, 0x0000000085500000, 0x0000000085600000|  0%| F|  |TAMS 0x0000000085500000, 0x0000000085500000| Untracked 
|  58|0x0000000085600000, 0x0000000085600000, 0x0000000085700000|  0%| F|  |TAMS 0x0000000085600000, 0x0000000085600000| Untracked 
|  59|0x0000000085700000, 0x0000000085700000, 0x0000000085800000|  0%| F|  |TAMS 0x0000000085700000, 0x0000000085700000| Untracked 
|  60|0x0000000085800000, 0x0000000085800000, 0x0000000085900000|  0%| F|  |TAMS 0x0000000085800000, 0x0000000085800000| Untracked 
|  61|0x0000000085900000, 0x0000000085900000, 0x0000000085a00000|  0%| F|  |TAMS 0x0000000085900000, 0x0000000085900000| Untracked 
|  62|0x0000000085a00000, 0x0000000085a00000, 0x0000000085b00000|  0%| F|  |TAMS 0x0000000085a00000, 0x0000000085a00000| Untracked 
|  63|0x0000000085b00000, 0x0000000085b00000, 0x0000000085c00000|  0%| F|  |TAMS 0x0000000085b00000, 0x0000000085b00000| Untracked 
|  64|0x0000000085c00000, 0x0000000085c00000, 0x0000000085d00000|  0%| F|  |TAMS 0x0000000085c00000, 0x0000000085c00000| Untracked 
|  65|0x0000000085d00000, 0x0000000085d00000, 0x0000000085e00000|  0%| F|  |TAMS 0x0000000085d00000, 0x0000000085d00000| Untracked 
|  66|0x0000000085e00000, 0x0000000085e00000, 0x0000000085f00000|  0%| F|  |TAMS 0x0000000085e00000, 0x0000000085e00000| Untracked 
|  67|0x0000000085f00000, 0x0000000085f00000, 0x0000000086000000|  0%| F|  |TAMS 0x0000000085f00000, 0x0000000085f00000| Untracked 
|  68|0x0000000086000000, 0x0000000086000000, 0x0000000086100000|  0%| F|  |TAMS 0x0000000086000000, 0x0000000086000000| Untracked 
|  69|0x0000000086100000, 0x0000000086100000, 0x0000000086200000|  0%| F|  |TAMS 0x0000000086100000, 0x0000000086100000| Untracked 
|  70|0x0000000086200000, 0x0000000086200000, 0x0000000086300000|  0%| F|  |TAMS 0x0000000086200000, 0x0000000086200000| Untracked 
|  71|0x0000000086300000, 0x0000000086300000, 0x0000000086400000|  0%| F|  |TAMS 0x0000000086300000, 0x0000000086300000| Untracked 
|  72|0x0000000086400000, 0x0000000086400000, 0x0000000086500000|  0%| F|  |TAMS 0x0000000086400000, 0x0000000086400000| Untracked 
|  73|0x0000000086500000, 0x0000000086500000, 0x0000000086600000|  0%| F|  |TAMS 0x0000000086500000, 0x0000000086500000| Untracked 
|  74|0x0000000086600000, 0x0000000086600000, 0x0000000086700000|  0%| F|  |TAMS 0x0000000086600000, 0x0000000086600000| Untracked 
|  75|0x0000000086700000, 0x0000000086700000, 0x0000000086800000|  0%| F|  |TAMS 0x0000000086700000, 0x0000000086700000| Untracked 
|  76|0x0000000086800000, 0x0000000086800000, 0x0000000086900000|  0%| F|  |TAMS 0x0000000086800000, 0x0000000086800000| Untracked 
|  77|0x0000000086900000, 0x0000000086900000, 0x0000000086a00000|  0%| F|  |TAMS 0x0000000086900000, 0x0000000086900000| Untracked 
|  78|0x0000000086a00000, 0x0000000086a00000, 0x0000000086b00000|  0%| F|  |TAMS 0x0000000086a00000, 0x0000000086a00000| Untracked 
|  79|0x0000000086b00000, 0x0000000086b00000, 0x0000000086c00000|  0%| F|  |TAMS 0x0000000086b00000, 0x0000000086b00000| Untracked 
|  80|0x0000000086c00000, 0x0000000086c00000, 0x0000000086d00000|  0%| F|  |TAMS 0x0000000086c00000, 0x0000000086c00000| Untracked 
|  81|0x0000000086d00000, 0x0000000086d00000, 0x0000000086e00000|  0%| F|  |TAMS 0x0000000086d00000, 0x0000000086d00000| Untracked 
|  82|0x0000000086e00000, 0x0000000086e00000, 0x0000000086f00000|  0%| F|  |TAMS 0x0000000086e00000, 0x0000000086e00000| Untracked 
|  83|0x0000000086f00000, 0x0000000086f00000, 0x0000000087000000|  0%| F|  |TAMS 0x0000000086f00000, 0x0000000086f00000| Untracked 
|  84|0x0000000087000000, 0x0000000087000000, 0x0000000087100000|  0%| F|  |TAMS 0x0000000087000000, 0x0000000087000000| Untracked 
|  85|0x0000000087100000, 0x0000000087100000, 0x0000000087200000|  0%| F|  |TAMS 0x0000000087100000, 0x0000000087100000| Untracked 
|  86|0x0000000087200000, 0x0000000087200000, 0x0000000087300000|  0%| F|  |TAMS 0x0000000087200000, 0x0000000087200000| Untracked 
|  87|0x0000000087300000, 0x0000000087300000, 0x0000000087400000|  0%| F|  |TAMS 0x0000000087300000, 0x0000000087300000| Untracked 
|  88|0x0000000087400000, 0x0000000087400000, 0x0000000087500000|  0%| F|  |TAMS 0x0000000087400000, 0x0000000087400000| Untracked 
|  89|0x0000000087500000, 0x0000000087500000, 0x0000000087600000|  0%| F|  |TAMS 0x0000000087500000, 0x0000000087500000| Untracked 
|  90|0x0000000087600000, 0x0000000087600000, 0x0000000087700000|  0%| F|  |TAMS 0x0000000087600000, 0x0000000087600000| Untracked 
|  91|0x0000000087700000, 0x0000000087700000, 0x0000000087800000|  0%| F|  |TAMS 0x0000000087700000, 0x0000000087700000| Untracked 
|  92|0x0000000087800000, 0x0000000087800000, 0x0000000087900000|  0%| F|  |TAMS 0x0000000087800000, 0x0000000087800000| Untracked 
|  93|0x0000000087900000, 0x0000000087900000, 0x0000000087a00000|  0%| F|  |TAMS 0x0000000087900000, 0x0000000087900000| Untracked 
|  94|0x0000000087a00000, 0x0000000087a00000, 0x0000000087b00000|  0%| F|  |TAMS 0x0000000087a00000, 0x0000000087a00000| Untracked 
|  95|0x0000000087b00000, 0x0000000087b00000, 0x0000000087c00000|  0%| F|  |TAMS 0x0000000087b00000, 0x0000000087b00000| Untracked 
|  96|0x0000000087c00000, 0x0000000087c00000, 0x0000000087d00000|  0%| F|  |TAMS 0x0000000087c00000, 0x0000000087c00000| Untracked 
|  97|0x0000000087d00000, 0x0000000087d00000, 0x0000000087e00000|  0%| F|  |TAMS 0x0000000087d00000, 0x0000000087d00000| Untracked 
|  98|0x0000000087e00000, 0x0000000087e00000, 0x0000000087f00000|  0%| F|  |TAMS 0x0000000087e00000, 0x0000000087e00000| Untracked 
|  99|0x0000000087f00000, 0x0000000087f00000, 0x0000000088000000|  0%| F|  |TAMS 0x0000000087f00000, 0x0000000087f00000| Untracked 
| 100|0x0000000088000000, 0x0000000088000000, 0x0000000088100000|  0%| F|  |TAMS 0x0000000088000000, 0x0000000088000000| Untracked 
| 101|0x0000000088100000, 0x0000000088100000, 0x0000000088200000|  0%| F|  |TAMS 0x0000000088100000, 0x0000000088100000| Untracked 
| 102|0x0000000088200000, 0x0000000088200000, 0x0000000088300000|  0%| F|  |TAMS 0x0000000088200000, 0x0000000088200000| Untracked 
| 103|0x0000000088300000, 0x0000000088300000, 0x0000000088400000|  0%| F|  |TAMS 0x0000000088300000, 0x0000000088300000| Untracked 
| 104|0x0000000088400000, 0x0000000088400000, 0x0000000088500000|  0%| F|  |TAMS 0x0000000088400000, 0x0000000088400000| Untracked 
| 105|0x0000000088500000, 0x0000000088500000, 0x0000000088600000|  0%| F|  |TAMS 0x0000000088500000, 0x0000000088500000| Untracked 
| 106|0x0000000088600000, 0x0000000088600000, 0x0000000088700000|  0%| F|  |TAMS 0x0000000088600000, 0x0000000088600000| Untracked 
| 107|0x0000000088700000, 0x0000000088700000, 0x0000000088800000|  0%| F|  |TAMS 0x0000000088700000, 0x0000000088700000| Untracked 
| 108|0x0000000088800000, 0x0000000088800000, 0x0000000088900000|  0%| F|  |TAMS 0x0000000088800000, 0x0000000088800000| Untracked 
| 109|0x0000000088900000, 0x0000000088900000, 0x0000000088a00000|  0%| F|  |TAMS 0x0000000088900000, 0x0000000088900000| Untracked 
| 110|0x0000000088a00000, 0x0000000088a00000, 0x0000000088b00000|  0%| F|  |TAMS 0x0000000088a00000, 0x0000000088a00000| Untracked 
| 111|0x0000000088b00000, 0x0000000088b00000, 0x0000000088c00000|  0%| F|  |TAMS 0x0000000088b00000, 0x0000000088b00000| Untracked 
| 112|0x0000000088c00000, 0x0000000088c00000, 0x0000000088d00000|  0%| F|  |TAMS 0x0000000088c00000, 0x0000000088c00000| Untracked 
| 113|0x0000000088d00000, 0x0000000088d00000, 0x0000000088e00000|  0%| F|  |TAMS 0x0000000088d00000, 0x0000000088d00000| Untracked 
| 114|0x0000000088e00000, 0x0000000088e00000, 0x0000000088f00000|  0%| F|  |TAMS 0x0000000088e00000, 0x0000000088e00000| Untracked 
| 115|0x0000000088f00000, 0x0000000088f00000, 0x0000000089000000|  0%| F|  |TAMS 0x0000000088f00000, 0x0000000088f00000| Untracked 
| 116|0x0000000089000000, 0x0000000089000000, 0x0000000089100000|  0%| F|  |TAMS 0x0000000089000000, 0x0000000089000000| Untracked 
| 117|0x0000000089100000, 0x0000000089100000, 0x0000000089200000|  0%| F|  |TAMS 0x0000000089100000, 0x0000000089100000| Untracked 
| 118|0x0000000089200000, 0x0000000089200000, 0x0000000089300000|  0%| F|  |TAMS 0x0000000089200000, 0x0000000089200000| Untracked 
| 119|0x0000000089300000, 0x0000000089300000, 0x0000000089400000|  0%| F|  |TAMS 0x0000000089300000, 0x0000000089300000| Untracked 
| 120|0x0000000089400000, 0x0000000089400000, 0x0000000089500000|  0%| F|  |TAMS 0x0000000089400000, 0x0000000089400000| Untracked 
| 121|0x0000000089500000, 0x0000000089500000, 0x0000000089600000|  0%| F|  |TAMS 0x0000000089500000, 0x0000000089500000| Untracked 
| 122|0x0000000089600000, 0x0000000089600000, 0x0000000089700000|  0%| F|  |TAMS 0x0000000089600000, 0x0000000089600000| Untracked 
| 123|0x0000000089700000, 0x0000000089700000, 0x0000000089800000|  0%| F|  |TAMS 0x0000000089700000, 0x0000000089700000| Untracked 
| 124|0x0000000089800000, 0x00000000898fe548, 0x0000000089900000| 99%| E|  |TAMS 0x0000000089800000, 0x0000000089800000| Complete 
| 125|0x0000000089900000, 0x0000000089a00000, 0x0000000089a00000|100%| E|CS|TAMS 0x0000000089900000, 0x0000000089900000| Complete 
| 126|0x0000000089a00000, 0x0000000089b00000, 0x0000000089b00000|100%| E|CS|TAMS 0x0000000089a00000, 0x0000000089a00000| Complete 
| 127|0x0000000089b00000, 0x0000000089c00000, 0x0000000089c00000|100%| E|CS|TAMS 0x0000000089b00000, 0x0000000089b00000| Complete 

Card table byte_map: [0x0000025d9c270000,0x0000025d9c670000] _byte_map_base: 0x0000025d9be62000

Marking Bits (Prev, Next): (CMBitMap*) 0x0000025d849b12f8, (CMBitMap*) 0x0000025d849b1338
 Prev Bits: [0x0000025d9ca70000, 0x0000025d9ea00000)
 Next Bits: [0x0000025d9ea00000, 0x0000025da0990000)

Polling page: 0x0000025d82830000

Metaspace:

Usage:
  Non-class:      4.14 MB capacity,     2.26 MB ( 55%) used,     1.88 MB ( 45%) free+waste,     4.56 KB ( <1%) overhead. 
      Class:    428.00 KB capacity,   250.87 KB ( 59%) used,   174.57 KB ( 41%) free+waste,     2.56 KB ( <1%) overhead. 
       Both:      4.56 MB capacity,     2.51 MB ( 55%) used,     2.05 MB ( 45%) free+waste,     7.13 KB ( <1%) overhead. 

Virtual space:
  Non-class space:        8.00 MB reserved,       4.25 MB ( 53%) committed 
      Class space:        1.00 GB reserved,     512.00 KB ( <1%) committed 
             Both:        1.01 GB reserved,       4.75 MB ( <1%) committed 

Chunk freelists:
   Non-Class:  0 bytes
       Class:  0 bytes
        Both:  0 bytes

MaxMetaspaceSize: 17179869184.00 GB
CompressedClassSpaceSize: 1.00 GB

CodeHeap 'non-profiled nmethods': size=120064Kb used=121Kb max_used=121Kb free=119942Kb
 bounds [0x0000025d94930000, 0x0000025d94ba0000, 0x0000025d9be70000]
CodeHeap 'profiled nmethods': size=120000Kb used=568Kb max_used=568Kb free=119431Kb
 bounds [0x0000025d8d400000, 0x0000025d8d670000, 0x0000025d94930000]
CodeHeap 'non-nmethods': size=5696Kb used=1219Kb max_used=1231Kb free=4476Kb
 bounds [0x0000025d8ce70000, 0x0000025d8d0e0000, 0x0000025d8d400000]
 total_blobs=1132 nmethods=393 adapters=290
 compilation: enabled
              stopped_count=0, restarted_count=0
 full_count=0

Compilation events (20 events):
Event: 0.372 Thread 0x0000025da2e8d800  383       3       java.lang.String::codePointAt (50 bytes)
Event: 0.372 Thread 0x0000025da2e8d800 nmethod 383 0x0000025d8d48af10 code [0x0000025d8d48b100, 0x0000025d8d48b510]
Event: 0.372 Thread 0x0000025da2e8d800  385       3       java.util.regex.Pattern::has (15 bytes)
Event: 0.372 Thread 0x0000025da2e8d800 nmethod 385 0x0000025d8d48b710 code [0x0000025d8d48b8c0, 0x0000025d8d48ba98]
Event: 0.372 Thread 0x0000025da2e8d800  386       3       java.util.regex.Pattern::peek (26 bytes)
Event: 0.372 Thread 0x0000025da2e8d800 nmethod 386 0x0000025d8d48bb10 code [0x0000025d8d48bce0, 0x0000025d8d48bff0]
Event: 0.372 Thread 0x0000025da2e8d800  387       3       java.util.regex.ASCII::isAscii (13 bytes)
Event: 0.373 Thread 0x0000025da2e8d800 nmethod 387 0x0000025d8d48c110 code [0x0000025d8d48c2c0, 0x0000025d8d48c458]
Event: 0.373 Thread 0x0000025da2e8d800  388       3       java.util.regex.Pattern::next (33 bytes)
Event: 0.373 Thread 0x0000025da2e8d800 nmethod 388 0x0000025d8d48c510 code [0x0000025d8d48c6e0, 0x0000025d8d48c9f0]
Event: 0.373 Thread 0x0000025da2e8d800  389       3       java.util.regex.ASCII::toLower (16 bytes)
Event: 0.373 Thread 0x0000025da2e8d800 nmethod 389 0x0000025d8d48cb10 code [0x0000025d8d48ccc0, 0x0000025d8d48cf18]
Event: 0.373 Thread 0x0000025da2e8d800  390       3       java.util.regex.ASCII::isUpper (18 bytes)
Event: 0.373 Thread 0x0000025da2e8d800 nmethod 390 0x0000025d8d48d010 code [0x0000025d8d48d1c0, 0x0000025d8d48d378]
Event: 3.333 Thread 0x0000025da2e8d800  391       3       java.lang.Character::isWhitespace (9 bytes)
Event: 3.333 Thread 0x0000025da2e8d800 nmethod 391 0x0000025d8d48d410 code [0x0000025d8d48d5c0, 0x0000025d8d48d820]
Event: 7.096 Thread 0x0000025da2e8d800  392       3       java.nio.Buffer::limit (74 bytes)
Event: 7.096 Thread 0x0000025da2e8d800 nmethod 392 0x0000025d8d48d910 code [0x0000025d8d48dae0, 0x0000025d8d48de50]
Event: 7.096 Thread 0x0000025da2e8d800  393       3       java.nio.ByteBuffer::position (8 bytes)
Event: 7.096 Thread 0x0000025da2e8d800 nmethod 393 0x0000025d8d48df10 code [0x0000025d8d48e0c0, 0x0000025d8d48e290]

GC Heap History (0 events):
No events

Deoptimization events (12 events):
Event: 0.280 Thread 0x0000025d8496c800 Uncommon trap: trap_request=0xffffff45 fr.pc=0x0000025d9493e238 relative=0x0000000000000b38
Event: 0.280 Thread 0x0000025d8496c800 Uncommon trap: reason=unstable_if action=reinterpret pc=0x0000025d9493e238 method=java.util.HashMap.putVal(ILjava/lang/Object;Ljava/lang/Object;ZZ)Ljava/lang/Object; @ 181 c2
Event: 0.280 Thread 0x0000025d8496c800 DEOPT PACKING pc=0x0000025d9493e238 sp=0x0000008144bfdee0
Event: 0.280 Thread 0x0000025d8496c800 DEOPT UNPACKING pc=0x0000025d8ceb912f sp=0x0000008144bfde90 mode 2
Event: 0.346 Thread 0x0000025d8496c800 Uncommon trap: trap_request=0xffffff45 fr.pc=0x0000025d9493f288 relative=0x00000000000000e8
Event: 0.346 Thread 0x0000025d8496c800 Uncommon trap: reason=unstable_if action=reinterpret pc=0x0000025d9493f288 method=java.lang.String.isLatin1()Z @ 10 c2
Event: 0.346 Thread 0x0000025d8496c800 DEOPT PACKING pc=0x0000025d9493f288 sp=0x0000008144bfebb0
Event: 0.346 Thread 0x0000025d8496c800 DEOPT UNPACKING pc=0x0000025d8ceb912f sp=0x0000008144bfeb00 mode 2
Event: 0.369 Thread 0x0000025d8496c800 Uncommon trap: trap_request=0xffffff45 fr.pc=0x0000025d94946564 relative=0x0000000000000044
Event: 0.369 Thread 0x0000025d8496c800 Uncommon trap: reason=unstable_if action=reinterpret pc=0x0000025d94946564 method=java.lang.CharacterData.of(I)Ljava/lang/CharacterData; @ 4 c2
Event: 0.369 Thread 0x0000025d8496c800 DEOPT PACKING pc=0x0000025d94946564 sp=0x0000008144bfe580
Event: 0.369 Thread 0x0000025d8496c800 DEOPT UNPACKING pc=0x0000025d8ceb912f sp=0x0000008144bfe520 mode 2

Classes unloaded (0 events):
No events

Classes redefined (2 events):
Event: 52.974 Thread 0x0000025da2e57800 redefined class name=magic_square.Solution, count=1
Event: 131.774 Thread 0x0000025da2e57800 redefined class name=magic_square.Solution, count=2

Internal exceptions (2 events):
Event: 0.360 Thread 0x0000025d8496c800 Exception <a 'java/lang/NoSuchMethodError'{0x000000008988deb8}: 'int java.lang.invoke.DirectMethodHandle$Holder.invokeSpecialIFC(java.lang.Object, java.lang.Object, int)'> (0x000000008988deb8) 
thrown [t:/workspace/open/src/hotspot/share/interpreter/linkResolver.cpp, line 767]
Event: 164.300 Thread 0x0000025d8496c800 Exception <a 'java/lang/ArrayIndexOutOfBoundsException'{0x00000000898f83d8}: Index 2 out of bounds for length 2> (0x00000000898f83d8) 
thrown [t:/workspace/open/src/hotspot/share/interpreter/interpreterRuntime.cpp, line 458]

Events (20 events):
Event: 164.302 Executing VM operation: GetFrameCount
Event: 164.302 Executing VM operation: GetFrameCount done
Event: 164.302 Executing VM operation: GetOwnedMonitorInfo
Event: 164.302 Executing VM operation: GetOwnedMonitorInfo done
Event: 164.302 Executing VM operation: GetCurrentContendedMonitor
Event: 164.302 Executing VM operation: GetCurrentContendedMonitor done
Event: 164.302 Executing VM operation: GetOwnedMonitorInfo
Event: 164.302 Executing VM operation: GetOwnedMonitorInfo done
Event: 164.302 Executing VM operation: GetCurrentContendedMonitor
Event: 164.302 Executing VM operation: GetCurrentContendedMonitor done
Event: 164.303 Executing VM operation: GetCurrentContendedMonitor
Event: 164.303 Executing VM operation: GetCurrentContendedMonitor done
Event: 164.303 Executing VM operation: GetOwnedMonitorInfo
Event: 164.303 Executing VM operation: GetOwnedMonitorInfo done
Event: 164.308 Executing VM operation: GetFrameCount
Event: 164.308 Executing VM operation: GetFrameCount done
Event: 164.308 Executing VM operation: GetOwnedMonitorInfo
Event: 164.308 Executing VM operation: GetOwnedMonitorInfo done
Event: 164.308 Executing VM operation: GetCurrentContendedMonitor
Event: 164.308 Executing VM operation: GetCurrentContendedMonitor done


Dynamic libraries:
0x00007ff6818e0000 - 0x00007ff6818ef000 	C:\Program Files\Java\jdk-13.0.1\bin\javaw.exe
0x00007ff8ea4c0000 - 0x00007ff8ea6b0000 	C:\Windows\SYSTEM32\ntdll.dll
0x00007ff8e8970000 - 0x00007ff8e8a22000 	C:\Windows\System32\KERNEL32.DLL
0x00007ff8e8120000 - 0x00007ff8e83c3000 	C:\Windows\System32\KERNELBASE.dll
0x00007ff8e7640000 - 0x00007ff8e773a000 	C:\Windows\System32\ucrtbase.dll
0x00007ff8e2a90000 - 0x00007ff8e2aa8000 	C:\Program Files\Java\jdk-13.0.1\bin\jli.dll
0x00007ff8d90f0000 - 0x00007ff8d9105000 	C:\Program Files\Java\jdk-13.0.1\bin\VCRUNTIME140.dll
0x00007ff8e8a30000 - 0x00007ff8e8ad3000 	C:\Windows\System32\ADVAPI32.dll
0x00007ff8e8ca0000 - 0x00007ff8e8d3e000 	C:\Windows\System32\msvcrt.dll
0x00007ff8e8d40000 - 0x00007ff8e8dd7000 	C:\Windows\System32\sechost.dll
0x00007ff8e8620000 - 0x00007ff8e8740000 	C:\Windows\System32\RPCRT4.dll
0x00007ff8e8de0000 - 0x00007ff8e8f74000 	C:\Windows\System32\USER32.dll
0x00007ff8c8790000 - 0x00007ff8c8a15000 	C:\Windows\WinSxS\amd64_microsoft.windows.common-controls_6595b64144ccf1df_6.0.18362.720_none_e6beb5c51314836b\COMCTL32.dll
0x00007ff8e78c0000 - 0x00007ff8e78e1000 	C:\Windows\System32\win32u.dll
0x00007ff8ea450000 - 0x00007ff8ea476000 	C:\Windows\System32\GDI32.dll
0x00007ff8e8f80000 - 0x00007ff8e92b6000 	C:\Windows\System32\combase.dll
0x00007ff8e83d0000 - 0x00007ff8e8564000 	C:\Windows\System32\gdi32full.dll
0x00007ff8e7840000 - 0x00007ff8e78c0000 	C:\Windows\System32\bcryptPrimitives.dll
0x00007ff8e7740000 - 0x00007ff8e77de000 	C:\Windows\System32\msvcp_win.dll
0x00007ff8e1a90000 - 0x00007ff8e1a9a000 	C:\Windows\SYSTEM32\VERSION.dll
0x00007ff8e8570000 - 0x00007ff8e859e000 	C:\Windows\System32\IMM32.DLL
0x00007ff8a0490000 - 0x00007ff8a052b000 	C:\Program Files\Java\jdk-13.0.1\bin\msvcp140.dll
0x00007ff8a0dc0000 - 0x00007ff8a1926000 	C:\Program Files\Java\jdk-13.0.1\bin\server\jvm.dll
0x00007ff8e8c90000 - 0x00007ff8e8c98000 	C:\Windows\System32\PSAPI.DLL
0x00007ff8e4120000 - 0x00007ff8e4144000 	C:\Windows\SYSTEM32\WINMM.dll
0x00007ff8e29d0000 - 0x00007ff8e29d9000 	C:\Windows\SYSTEM32\WSOCK32.dll
0x00007ff8e9e60000 - 0x00007ff8e9ecf000 	C:\Windows\System32\WS2_32.dll
0x00007ff8e40f0000 - 0x00007ff8e411d000 	C:\Windows\SYSTEM32\winmmbase.dll
0x00007ff8e75c0000 - 0x00007ff8e760a000 	C:\Windows\System32\cfgmgr32.dll
0x00007ff8e73e0000 - 0x00007ff8e73f1000 	C:\Windows\System32\kernel.appcore.dll
0x00007ff8e2c30000 - 0x00007ff8e2c40000 	C:\Program Files\Java\jdk-13.0.1\bin\verify.dll
0x00007ff8d8930000 - 0x00007ff8d8b24000 	C:\Windows\SYSTEM32\DBGHELP.DLL
0x00007ff8d8650000 - 0x00007ff8d867a000 	C:\Windows\SYSTEM32\dbgcore.DLL
0x00007ff8e1490000 - 0x00007ff8e14b6000 	C:\Program Files\Java\jdk-13.0.1\bin\java.dll
0x00007ff8c69f0000 - 0x00007ff8c6a28000 	C:\Program Files\Java\jdk-13.0.1\bin\jdwp.dll
0x00007ff8e4210000 - 0x00007ff8e421e000 	C:\Program Files\Java\jdk-13.0.1\bin\instrument.dll
0x00007ff8e25a0000 - 0x00007ff8e25b7000 	C:\Program Files\Java\jdk-13.0.1\bin\zip.dll
0x00007ff8e2bf0000 - 0x00007ff8e2bfa000 	C:\Program Files\Java\jdk-13.0.1\bin\jimage.dll
0x00007ff8e9710000 - 0x00007ff8e9df5000 	C:\Windows\System32\SHELL32.dll
0x00007ff8ea3a0000 - 0x00007ff8ea449000 	C:\Windows\System32\shcore.dll
0x00007ff8e78f0000 - 0x00007ff8e8070000 	C:\Windows\System32\windows.storage.dll
0x00007ff8e73b0000 - 0x00007ff8e73d3000 	C:\Windows\System32\profapi.dll
0x00007ff8e7400000 - 0x00007ff8e744a000 	C:\Windows\System32\powrprof.dll
0x00007ff8e7380000 - 0x00007ff8e7390000 	C:\Windows\System32\UMPDC.dll
0x00007ff8e9ed0000 - 0x00007ff8e9f22000 	C:\Windows\System32\shlwapi.dll
0x00007ff8e75a0000 - 0x00007ff8e75b7000 	C:\Windows\System32\cryptsp.dll
0x00007ff8e2b30000 - 0x00007ff8e2b3b000 	C:\Program Files\Java\jdk-13.0.1\bin\dt_socket.dll
0x00007ff8e6bf0000 - 0x00007ff8e6c57000 	C:\Windows\system32\mswsock.dll
0x00007ff8e6940000 - 0x00007ff8e6a0a000 	C:\Windows\SYSTEM32\DNSAPI.dll
0x00007ff8e9550000 - 0x00007ff8e9558000 	C:\Windows\System32\NSI.dll
0x00007ff8e6900000 - 0x00007ff8e693a000 	C:\Windows\SYSTEM32\IPHLPAPI.DLL
0x00007ff8d8010000 - 0x00007ff8d801a000 	C:\Windows\System32\rasadhlp.dll
0x00007ff8dfa70000 - 0x00007ff8dfae7000 	C:\Windows\System32\fwpuclnt.dll
0x00007ff8e7610000 - 0x00007ff8e7636000 	C:\Windows\System32\bcrypt.dll
0x00007ff8e1420000 - 0x00007ff8e1439000 	C:\Program Files\Java\jdk-13.0.1\bin\net.dll
0x00007ff8d8310000 - 0x00007ff8d8401000 	C:\Windows\SYSTEM32\WINHTTP.dll
0x00007ff8da3a0000 - 0x00007ff8da3b3000 	C:\Program Files\Java\jdk-13.0.1\bin\nio.dll

dbghelp: loaded successfully - version: 4.0.5 - missing functions: none
symbol engine: initialized successfully - sym options: 0x614 - pdb path: .;C:\Program Files\Java\jdk-13.0.1\bin;C:\Windows\SYSTEM32;C:\Windows\WinSxS\amd64_microsoft.windows.common-controls_6595b64144ccf1df_6.0.18362.720_none_e6beb5c51314836b;C:\Program Files\Java\jdk-13.0.1\bin\server

VM Arguments:
jvm_args: -agentlib:jdwp=transport=dt_socket,suspend=y,address=localhost:64234 -javaagent:D:\Software\java-2019-09\eclipse\configuration\org.eclipse.osgi\229\0\.cp\lib\javaagent-shaded.jar -Dfile.encoding=Cp1252 
java_command: magic_square.Solution
java_class_path (initial): D:\Code\Java WorkSpace\LogicExercise\bin
Launcher Type: SUN_STANDARD

[Global flags]
     intx CICompilerCount                          = 3                                         {product} {ergonomic}
     uint ConcGCThreads                            = 1                                         {product} {ergonomic}
     uint G1ConcRefinementThreads                  = 4                                         {product} {ergonomic}
   size_t G1HeapRegionSize                         = 1048576                                   {product} {ergonomic}
    uintx GCDrainStackTargetSize                   = 64                                        {product} {ergonomic}
   size_t InitialHeapSize                          = 134217728                                 {product} {ergonomic}
   size_t MarkStackSize                            = 4194304                                   {product} {ergonomic}
   size_t MaxHeapSize                              = 2118123520                                {product} {ergonomic}
   size_t MaxNewSize                               = 1270874112                                {product} {ergonomic}
   size_t MinHeapDeltaBytes                        = 1048576                                   {product} {ergonomic}
   size_t MinHeapSize                              = 8388608                                   {product} {ergonomic}
    uintx NonNMethodCodeHeapSize                   = 5830732                                {pd product} {ergonomic}
    uintx NonProfiledCodeHeapSize                  = 122913754                              {pd product} {ergonomic}
    uintx ProfiledCodeHeapSize                     = 122913754                              {pd product} {ergonomic}
    uintx ReservedCodeCacheSize                    = 251658240                              {pd product} {ergonomic}
     bool SegmentedCodeCache                       = true                                      {product} {ergonomic}
   size_t SoftMaxHeapSize                          = 2118123520                             {manageable} {ergonomic}
     bool UseCompressedClassPointers               = true                                 {lp64_product} {ergonomic}
     bool UseCompressedOops                        = true                                 {lp64_product} {ergonomic}
     bool UseG1GC                                  = true                                      {product} {ergonomic}
     bool UseLargePagesIndividualAllocation        = false                                  {pd product} {ergonomic}

Logging:
Log output configuration:
 #0: stdout all=warning uptime,level,tags
 #1: stderr all=off uptime,level,tags

Environment Variables:
JAVA_HOME=C:\Program Files\Java\jdk-13.0.1
PATH=C:/Program Files/Java/jdk-13.0.1/bin/server;C:/Program Files/Java/jdk-13.0.1/bin;C:\Windows\system32;C:\Windows;C:\Windows\System32\Wbem;C:\Windows\System32\WindowsPowerShell\v1.0\;C:\Windows\System32\OpenSSH\;C:\Program Files\Microsoft SQL Server\Client SDK\ODBC\170\Tools\Binn\;C:\Program Files (x86)\Microsoft SQL Server\150\Tools\Binn\;C:\Program Files\Microsoft SQL Server\150\Tools\Binn\;C:\Program Files\Microsoft SQL Server\150\DTS\Binn\;C:\Program Files (x86)\Microsoft SQL Server\150\DTS\Binn\;C:\Program Files\Git\cmd;C:\Program Files\MySQL\MySQL Utilities 1.6\;C:\Program Files\nodejs\;C:\Program Files\MySQL\MySQL Shell 8.0\bin\;C:\Users\nhatq\AppData\Local\Programs\Python\Python36\Scripts\;C:\Users\nhatq\AppData\Local\Programs\Python\Python36\;C:\Users\nhatq\AppData\Local\Microsoft\WindowsApps;D:\Software\Microsoft VS Code\bin;C:\Program Files\CMake\bin;C:\Program Files\Java\jdk-13.0.1\bin;C:\Maven\apache-maven-3.6.3\bin;C:\Users\nhatq\AppData\Roaming\npm;C:\Program Files\MySQL\MySQL Server 5.6\bin;;C:\Users\nhatq\Máy tính;
USERNAME=nhatq
OS=Windows_NT
PROCESSOR_IDENTIFIER=Intel64 Family 6 Model 158 Stepping 9, GenuineIntel



---------------  S Y S T E M  ---------------

OS: Windows 10 , 64 bit Build 18362 (10.0.18362.329)

CPU:total 4 (initial active 4) (4 cores per cpu, 1 threads per core) family 6 model 158 stepping 9, cmov, cx8, fxsr, mmx, sse, sse2, sse3, ssse3, sse4.1, sse4.2, popcnt, avx, avx2, aes, clmul, erms, 3dnowpref, lzcnt, tsc, tscinvbit, bmi1, bmi2, adx, fma

Memory: 4k page, system-wide physical 8076M (2675M free)
TotalPageFile size 13296M (AvailPageFile size 3205M)
current process WorkingSet (physical memory assigned to process): 39M, peak: 40M
current process commit charge ("private bytes"): 206M, peak: 208M

vm_info: Java HotSpot(TM) 64-Bit Server VM (13.0.1+9) for windows-amd64 JRE (13.0.1+9), built on Oct  6 2019 12:37:49 by "mach5one" with unknown MS VC++:1916

END.
